\BOOKMARK [-1][]{part.1}{I Lorem Ipsum}{}
\BOOKMARK [0][]{chapter.1}{Apache Hadoop}{part.1}
\BOOKMARK [1][]{section.1.1}{Introduction}{chapter.1}
\BOOKMARK [1][]{section.1.2}{Sed ut perspiciatis}{chapter.1}
\BOOKMARK [1][]{section.1.3}{Ut Enim ad Minima Veniam}{chapter.1}
\BOOKMARK [1][]{section.1.4}{Et harum quidem rerum facilis}{chapter.1}
\BOOKMARK [0][]{chapter.2}{Read-Only Root Level Single Snapshot}{part.1}
\BOOKMARK [1][]{section.2.1}{Modifications to the Schema}{chapter.2}
\BOOKMARK [1][]{section.2.2}{Roll Back}{chapter.2}
\BOOKMARK [1][]{section.2.3}{Ut Enim ad Minima Veniam}{chapter.2}
\BOOKMARK [1][]{section.2.4}{Et harum quidem rerum facilis}{chapter.2}
\BOOKMARK [-1][]{part.2}{II Consectetur Adipisicing}{}
\BOOKMARK [0][]{chapter.3}{Read-Only Nested Snapshots}{part.2}
\BOOKMARK [1][]{section.3.1}{Architecture}{chapter.3}
\BOOKMARK [1][]{section.3.2}{Sed ut perspiciatis}{chapter.3}
\BOOKMARK [1][]{section.3.3}{Ut Enim ad Minima Veniam}{chapter.3}
\BOOKMARK [1][]{section.3.4}{Et harum quidem rerum facilis}{chapter.3}
\BOOKMARK [0][]{chapter.4}{Read-Only Root Level Single Snapshot}{part.2}
\BOOKMARK [1][]{section.4.1}{Architecture}{chapter.4}
\BOOKMARK [1][]{section.4.2}{Sed ut perspiciatis}{chapter.4}
\BOOKMARK [1][]{section.4.3}{Ut Enim ad Minima Veniam}{chapter.4}
\BOOKMARK [1][]{section.4.4}{Et harum quidem rerum facilis}{chapter.4}
\BOOKMARK [-1][]{part.3}{III Cumque Nihil Impedit}{}
\BOOKMARK [0][]{chapter.5}{Read-Only Nested Snapshots}{part.3}
\BOOKMARK [1][]{section.5.1}{Architecture}{chapter.5}
\BOOKMARK [1][]{section.5.2}{Sed ut perspiciatis}{chapter.5}
\BOOKMARK [1][]{section.5.3}{Ut Enim ad Minima Veniam}{chapter.5}
\BOOKMARK [1][]{section.5.4}{Et harum quidem rerum facilis}{chapter.5}
\BOOKMARK [0][]{chapter.6}{Read-Only Root Level Single Snapshot}{part.3}
\BOOKMARK [1][]{section.6.1}{Modifications to the Schema}{chapter.6}
\BOOKMARK [1][]{section.6.2}{Roll Back}{chapter.6}
\BOOKMARK [1][]{section.6.3}{Ut Enim ad Minima Veniam}{chapter.6}
\BOOKMARK [1][]{section.6.4}{Et harum quidem rerum facilis}{chapter.6}
\BOOKMARK [-1][]{part.4}{IV Expedita Distinctio}{}
\BOOKMARK [0][]{chapter.7}{Omnis Voluptas}{part.4}
\BOOKMARK [1][]{section.7.1}{Lorem ipsum}{chapter.7}
\BOOKMARK [1][]{section.7.2}{Sed ut perspiciatis}{chapter.7}
\BOOKMARK [2][]{subsection.7.2.1}{Ut enim ad minima veniam}{section.7.2}
\BOOKMARK [2][]{subsection.7.2.2}{Et harum quidem rerum facilis}{section.7.2}
\BOOKMARK [1][]{section.7.3}{Ut Enim ad Minima Veniam}{chapter.7}
\BOOKMARK [1][]{section.7.4}{Et harum quidem rerum facilis}{chapter.7}
\BOOKMARK [0][]{chapter.8}{Magna Aliqua}{part.4}
\BOOKMARK [1][]{section.8.1}{Lorem ipsum}{chapter.8}
\BOOKMARK [1][]{section.8.2}{Sed ut perspiciatis}{chapter.8}
\BOOKMARK [2][]{subsection.8.2.1}{Ut enim ad minima veniam}{section.8.2}
\BOOKMARK [2][]{subsection.8.2.2}{Et harum quidem rerum facilis}{section.8.2}
\BOOKMARK [1][]{section.8.3}{Ut Enim ad Minima Veniam}{chapter.8}
\BOOKMARK [1][]{section.8.4}{Et harum quidem rerum facilis}{chapter.8}
\BOOKMARK [-1][]{part.5}{V Appendices}{}
\BOOKMARK [0][]{chapter.1}{Commodo Consequat}{part.5}
